0 info it worked if it ends with ok
1 verbose cli [ 'C:\\Program Files\\nodejs\\node.exe',
1 verbose cli   'C:\\Program Files\\nodejs\\node_modules\\npm\\bin\\npm-cli.js',
1 verbose cli   'run',
1 verbose cli   'nodemon' ]
2 info using npm@3.10.10
3 info using node@v6.10.3
4 verbose run-script [ 'prenodemon', 'nodemon', 'postnodemon' ]
5 info lifecycle jedlik-typescript-vscode-template@1.0.0~prenodemon: jedlik-typescript-vscode-template@1.0.0
6 silly lifecycle jedlik-typescript-vscode-template@1.0.0~prenodemon: no script for prenodemon, continuing
7 info lifecycle jedlik-typescript-vscode-template@1.0.0~nodemon: jedlik-typescript-vscode-template@1.0.0
8 verbose lifecycle jedlik-typescript-vscode-template@1.0.0~nodemon: unsafe-perm in lifecycle true
9 verbose lifecycle jedlik-typescript-vscode-template@1.0.0~nodemon: PATH: C:\Program Files\nodejs\node_modules\npm\bin\node-gyp-bin;D:\Dropbox\TypeScript\JedlikTsTemplate\node_modules\.bin;C:\Program Files\Python36\Scripts\;C:\Program Files\Python36\;C:\WINDOWS\system32;C:\WINDOWS;C:\WINDOWS\System32\Wbem;C:\WINDOWS\System32\WindowsPowerShell\v1.0\;C:\Program Files\Microsoft SQL Server\130\Tools\Binn\;C:\Program Files\dotnet\;C:\Program Files\REC GmbH\robotino\api2\bin;C:\Program Files\nodejs\;C:\Program Files\Git\cmd;C:\Program Files (x86)\GtkSharp\2.12\bin;C:\Users\nitsl\AppData\Local\Microsoft\WindowsApps;;C:\Users\nitsl\AppData\Roaming\npm;C:\Program Files\Microsoft VS Code\bin
10 verbose lifecycle jedlik-typescript-vscode-template@1.0.0~nodemon: CWD: D:\Dropbox\TypeScript\JedlikTsTemplate
11 silly lifecycle jedlik-typescript-vscode-template@1.0.0~nodemon: Args: [ '/d /s /c', 'nodemon --inspect app.js' ]
12 verbose stack Error: kill ENOSYS
12 verbose stack     at exports._errnoException (util.js:1018:11)
12 verbose stack     at process.kill (internal/process.js:190:13)
12 verbose stack     at process.listener (C:\Program Files\nodejs\node_modules\npm\node_modules\npmlog\node_modules\gauge\node_modules\signal-exit\index.js:86:15)
12 verbose stack     at emitNone (events.js:91:20)
12 verbose stack     at process.emit (events.js:185:7)
12 verbose stack     at processEmit (C:\Program Files\nodejs\node_modules\npm\node_modules\npmlog\node_modules\gauge\node_modules\signal-exit\index.js:146:32)
12 verbose stack     at processEmit (C:\Program Files\nodejs\node_modules\npm\node_modules\npm-registry-client\node_modules\npmlog\node_modules\gauge\node_modules\signal-exit\index.js:146:32)
12 verbose stack     at Signal.wrap.onsignal (internal/process.js:217:44)
13 verbose cwd D:\Dropbox\TypeScript\JedlikTsTemplate
14 error Windows_NT 10.0.15063
15 error argv "C:\\Program Files\\nodejs\\node.exe" "C:\\Program Files\\nodejs\\node_modules\\npm\\bin\\npm-cli.js" "run" "nodemon"
16 error node v6.10.3
17 error npm  v3.10.10
18 error code ENOSYS
19 error errno ENOSYS
20 error syscall kill
21 error kill ENOSYS
22 error If you need help, you may report this error at:
22 error     <https://github.com/npm/npm/issues>
23 verbose exit [ 1, true ]
